fatal: Fatal
error: Error
error: Error
error: Token no válido
error: Token no válido
error: Token no válido
error: Error al agregar un producto a la BD
error: Error al agregar un producto a la BD
error: Error al obtener el carrito
error: Error al obtener el carrito
error: Error al obtener el carrito
error: Error al agregar un producto a la BD
error: Error al agregar un producto a la BD
error: Error al agregar un producto a la BD
error: Error al agregar un producto a la BD
error: Error al agregar un producto a la BD
error: Error al agregar un producto a la BD
error: Error al agregar un producto a la BD
error: Error al agregar un producto a la BD
error: Error al agregar un producto a la BD
error: Error al agregar un producto a la BD
error: Error al agregar un producto a la BD
error: Error al agregar un producto a la BD
error: Error al agregar un producto a la BD
error: Error al agregar un producto al carrito
error: Error al agregar un producto al carrito
error: Error al agregar un producto al carrito
error: Error al agregar un producto al carrito
error: Error al agregar un producto al carrito
error: Error al agregar un producto al carrito
error: Error al agregar un producto al carrito
error: Error al loguear con Github
error: Error al loguear con Github
error: Error al loguearse
error: Error al loguearse
